2025-06-29 01:52:06,530 - INFO - Master Test: PHASE A: Build and Component Validation - Building AIOS kernel and validating all consciousness emergence components
2025-06-29 01:52:06,531 - INFO - Starting build environment cleanup and configuration
2025-06-29 01:52:06,535 - INFO - Removed: c:\dev\AIOS\orchestrator\build\CMakeCache.txt
2025-06-29 01:52:15,438 - INFO - CMake configuration completed successfully
2025-06-29 01:52:15,439 - INFO - Starting AIOS kernel build
2025-06-29 01:52:24,886 - ERROR - AIOS kernel build failed: 
2025-06-29 01:52:24,887 - ERROR - No executable found after successful build
2025-06-29 01:52:24,888 - INFO - Master Test: PHASE B: Consciousness Runtime Testing - Execute AIOS kernel and monitor consciousness emergence patterns
2025-06-29 01:52:24,889 - ERROR - No AIOS executable found for runtime testing
2025-06-29 01:52:24,889 - INFO - Master Test: PHASE C: Metadata Abstraction Validation - Validate intelligent metadata abstraction, garbage collection, and reingestion preparation
2025-06-29 01:52:24,890 - WARNING - Metadata abstraction directory not found
2025-06-29 01:52:24,890 - WARNING - Reingestion dataset file not found
2025-06-29 01:52:24,891 - INFO - Master Test: PHASE D: Integrated Testing Cycle - Execute both PowerShell and Python test orchestrators for comprehensive validation
2025-06-29 01:52:24,891 - INFO - Executing PowerShell test orchestrator for phase: all
2025-06-29 01:52:24,892 - INFO - Running PowerShell command: powershell.exe -ExecutionPolicy Bypass -File c:\dev\AIOS\scripts\comprehensive_test_orchestrator.ps1 -Phase all -OutputDir c:\dev\AIOS\test_results\ps_results_20250629_015206 -Verbose
2025-06-29 01:52:27,637 - ERROR - PowerShell test orchestrator failed: En C:\dev\AIOS\scripts\comprehensive_test_orchestrator.ps1: 311 
Car cter: 1
+ }
+ ~
Token '}' inesperado en la expresi¢n o la instrucci¢n.
En C:\dev\AIOS\scripts\comprehensive_test_orchestrator.ps1: 726 
Car cter: 20
+     Write-TestLog "Starting comprehensive AIOS test orchestration"
+                    ~~~~~~~~
Token 'Starting' inesperado en la expresi¢n o la instrucci¢n.
En C:\dev\AIOS\scripts\comprehensive_test_orchestrator.ps1: 785 
Car cter: 51
+     .\comprehensive_test_orchestrator.ps1 [-Phase <phase>] 
[-Verbose] ...
+                                                   ~
El operador '<' est  reservado para uso futuro.
En C:\dev\AIOS\scripts\comprehensive_test_orchestrator.ps1: 785 
Car cter: 97
+ ... tor.ps1 [-Phase <phase>] [-Verbose] [-CleanStart] [-OutputDir 
<path>]
+                                                                   ~
El operador '<' est  reservado para uso futuro.
En C:\dev\AIOS\scripts\comprehensive_test_orchestrator.ps1: 788 
Car cter: 12
+     -Phase <phase>      Run specific phase (1-4) or "all" (default)
+            ~
El operador '<' est  reservado para uso futuro.
En C:\dev\AIOS\scripts\comprehensive_test_orchestrator.ps1: 791 
Car cter: 16
+     -OutputDir <path>   Output directory for test results
+                ~
El operador '<' est  reservado para uso futuro.
En C:\dev\AIOS\scripts\comprehensive_test_orchestrator.ps1: 794 
Car cter: 8
+     1. Build System Validation
+        ~~~~~
Token 'Build' inesperado en la expresi¢n o la instrucci¢n.
En C:\dev\AIOS\scripts\comprehensive_test_orchestrator.ps1: 795 
Car cter: 8
+     2. Runtime Execution Testing
+        ~~~~~~~
Token 'Runtime' inesperado en la expresi¢n o la instrucci¢n.
En C:\dev\AIOS\scripts\comprehensive_test_orchestrator.ps1: 796 
Car cter: 8
+     3. Logging & Metadata Validation
+        ~~~~~~~
Token 'Logging' inesperado en la expresi¢n o la instrucci¢n.
En C:\dev\AIOS\scripts\comprehensive_test_orchestrator.ps1: 796 
Car cter: 16
+     3. Logging & Metadata Validation
+                ~
No se permite usar el car cter de Y comercial (&). El operador & est  
reservado para un uso futuro; encierre un s¡mbolo de Y comercial 
entre comillas dobles ("&") para pasarlo como parte de una cadena.
No se notificaron todos los errores de an lisis. Corrija los errores 
notificados e int‚ntelo de nuevo.
    + CategoryInfo          : ParserError: (:) [], ParentContainsErro 
   rRecordException
    + FullyQualifiedErrorId : UnexpectedToken
 

2025-06-29 01:52:27,639 - INFO - Executing Python test orchestrator
2025-06-29 01:52:27,639 - INFO - Running Python command: C:\Python313\python.exe c:\dev\AIOS\scripts\comprehensive_test_orchestrator.py
2025-06-29 01:52:27,798 - ERROR - Python test orchestrator failed: Traceback (most recent call last):
  File "c:\dev\AIOS\scripts\comprehensive_test_orchestrator.py", line 617, in run_comprehensive_test
    self.phase_1_build_validation()
    ~~~~~~~~~~~~~~~~~~~~~~~~~~~~~^^
  File "c:\dev\AIOS\scripts\comprehensive_test_orchestrator.py", line 100, in phase_1_build_validation
    self.print_phase_header(
    ~~~~~~~~~~~~~~~~~~~~~~~^
        "PHASE 1: Build System Validation",
        ^^^^^^^^^^^^^^^^^^^^^^^^^^^^^^^^^^^
        "Clean environment, dependency checks, incremental component testing"
        ^^^^^^^^^^^^^^^^^^^^^^^^^^^^^^^^^^^^^^^^^^^^^^^^^^^^^^^^^^^^^^^^^^^^^
    )
    ^
  File "c:\dev\AIOS\scripts\comprehensive_test_orchestrator.py", line 64, in print_phase_header
    print(f"\U0001f52c {phase_name}")
    ~~~~~^^^^^^^^^^^^^^^^^^^^
  File "C:\Python313\Lib\encodings\cp1252.py", line 19, in encode
    return codecs.charmap_encode(input,self.errors,encoding_table)[0]
           ~~~~~~~~~~~~~~~~~~~~~^^^^^^^^^^^^^^^^^^^^^^^^^^^^^^^^^^
UnicodeEncodeError: 'charmap' codec can't encode character '\U0001f52c' in position 0: character maps to <undefined>

During handling of the above exception, another exception occurred:

Traceback (most recent call last):
  File "c:\dev\AIOS\scripts\comprehensive_test_orchestrator.py", line 630, in run_comprehensive_test
    print(f"\n\u274c Test orchestration failed: {str(e)}")
    ~~~~~^^^^^^^^^^^^^^^^^^^^^^^^^^^^^^^^^^^^^^^^^^^^^
  File "C:\Python313\Lib\encodings\cp1252.py", line 19, in encode
    return codecs.charmap_encode(input,self.errors,encoding_table)[0]
           ~~~~~~~~~~~~~~~~~~~~~^^^^^^^^^^^^^^^^^^^^^^^^^^^^^^^^^^
UnicodeEncodeError: 'charmap' codec can't encode character '\u274c' in position 2: character maps to <undefined>

During handling of the above exception, another exception occurred:

Traceback (most recent call last):
  File "c:\dev\AIOS\scripts\comprehensive_test_orchestrator.py", line 680, in <module>
    main()
    ~~~~^^
  File "c:\dev\AIOS\scripts\comprehensive_test_orchestrator.py", line 677, in main
    orchestrator.run_comprehensive_test()
    ~~~~~~~~~~~~~~~~~~~~~~~~~~~~~~~~~~~^^
  File "c:\dev\AIOS\scripts\comprehensive_test_orchestrator.py", line 636, in run_comprehensive_test
    print(f"\n\u23f1\ufe0f  Total test duration: {duration:.2f} seconds")
    ~~~~~^^^^^^^^^^^^^^^^^^^^^^^^^^^^^^^^^^^^^^^^^^^^^^^^^^^^^^
  File "C:\Python313\Lib\encodings\cp1252.py", line 19, in encode
    return codecs.charmap_encode(input,self.errors,encoding_table)[0]
           ~~~~~~~~~~~~~~~~~~~~~^^^^^^^^^^^^^^^^^^^^^^^^^^^^^^^^^^
UnicodeEncodeError: 'charmap' codec can't encode characters in position 2-3: character maps to <undefined>

2025-06-29 01:52:27,799 - INFO - Master Test: MASTER TEST REPORT - Comprehensive analysis of all test phases and system validation
2025-06-29 01:52:27,801 - INFO - Master test report generated: c:\dev\AIOS\test_results\master_test_report_20250629_015206.json
2025-06-29 01:52:27,802 - INFO - Master test execution completed in 21.27 seconds
