
AIOS OS0.4 Installation Summary
==============================

Installation Date: 2025-07-02 00:49:27
Installation Time: 274.2 seconds
Target Directory: C:\dev\AIOS\core\AIOS_OS04
Python Executable: C:\dev\AIOS\core\AIOS_OS04\aios_env\Scripts\python.exe

Directory Structure:
--------------------
C:\dev\AIOS\core\AIOS_OS04/
‚îú‚îÄ‚îÄ core/                    # AIOS mega-modules
‚îú‚îÄ‚îÄ config/                  # Configuration files
‚îú‚îÄ‚îÄ logs/                    # System logs
‚îú‚îÄ‚îÄ data/                    # Runtime data
‚îú‚îÄ‚îÄ scripts/                 # Utility scripts
‚îú‚îÄ‚îÄ docs/                    # Documentation
‚îú‚îÄ‚îÄ aios_env/               # Python virtual environment
‚îú‚îÄ‚îÄ start_aios.py           # Main startup script
‚îî‚îÄ‚îÄ .env                    # Environment variables

Deployed Mega-Modules:
----------------------
‚úÖ aios_consciousness_engine.py    - Core consciousness processing
‚úÖ aios_evolution_lab.py           - Evolution and mutation systems
‚úÖ aios_knowledge_distillation.py  - Knowledge processing and ingestion
‚úÖ aios_admin_orchestrator.py      - Administrative orchestration
‚úÖ aios_visual_interface.py        - Real-time visualization interface
‚úÖ aios_system_intelligence.py     - GPU-accelerated system monitoring

Installation Log:
-----------------
[0.0s] ‚úÖ SUCCESS: Python 3.12.8 detected\n[0.7s] ‚úÖ SUCCESS: pip available\n[0.7s] ‚úÖ SUCCESS: Git available\n[1.2s] ‚úÖ SUCCESS: PowerShell available\n[1.3s] ‚úÖ SUCCESS: CMake available\n[6.5s] ‚úÖ SUCCESS: GPU available: NVIDIA GeForce GTX 1650 Ti\n[6.5s] ‚úÖ SUCCESS: Storage space: 75.5GB available\n[6.6s] ‚úÖ SUCCESS: Write permissions confirmed\n[6.6s] ‚úÖ SUCCESS: Created directory: C:\dev\AIOS\core\AIOS_OS04\n[6.6s] ‚úÖ SUCCESS: Created directory: C:\dev\AIOS\core\AIOS_OS04\core\n[6.6s] ‚úÖ SUCCESS: Created directory: C:\dev\AIOS\core\AIOS_OS04\config\n[6.6s] ‚úÖ SUCCESS: Created directory: C:\dev\AIOS\core\AIOS_OS04\logs\n[6.6s] ‚úÖ SUCCESS: Created directory: C:\dev\AIOS\core\AIOS_OS04\data\n[6.6s] ‚úÖ SUCCESS: Created directory: C:\dev\AIOS\core\AIOS_OS04\scripts\n[6.6s] ‚úÖ SUCCESS: Created directory: C:\dev\AIOS\core\AIOS_OS04\docs\n[6.6s] ‚úÖ SUCCESS: Created directory: C:\dev\AIOS\core\AIOS_OS04\backups\n[6.6s] ‚úÖ SUCCESS: Created directory: C:\dev\AIOS\core\AIOS_OS04\data\consciousness\n[6.6s] ‚úÖ SUCCESS: Created directory: C:\dev\AIOS\core\AIOS_OS04\data\evolution\n[6.6s] ‚úÖ SUCCESS: Created directory: C:\dev\AIOS\core\AIOS_OS04\data\knowledge\n[6.6s] ‚úÖ SUCCESS: Created directory: C:\dev\AIOS\core\AIOS_OS04\data\monitoring\n[21.0s] ‚úÖ SUCCESS: Virtual environment created: C:\dev\AIOS\core\AIOS_OS04\aios_env\n[32.3s] ‚úÖ SUCCESS: Virtual environment pip upgraded\n[32.3s] ‚úÖ SUCCESS: Installing core dependencies...\n[107.0s] ‚úÖ SUCCESS: Core dependencies installed\n[107.0s] ‚úÖ SUCCESS: Installing PyTorch with CUDA support...\n[273.4s] ‚úÖ SUCCESS: PyTorch with CUDA support installed\n[273.5s] ‚úÖ SUCCESS: Deployed: aios_consciousness_engine.py\n[273.5s] ‚úÖ SUCCESS: Deployed: aios_evolution_lab.py\n[273.5s] ‚úÖ SUCCESS: Deployed: aios_knowledge_distillation.py\n[273.5s] ‚úÖ SUCCESS: Deployed: aios_admin_orchestrator.py\n[273.5s] ‚úÖ SUCCESS: Deployed: aios_visual_interface.py\n[273.5s] ‚úÖ SUCCESS: Deployed: aios_system_intelligence.py\n[273.5s] ‚úÖ SUCCESS: Deployed: validate_mega_modules.py\n[273.5s] ‚úÖ SUCCESS: Deployed: complete_integration_test.py\n[273.5s] ‚úÖ SUCCESS: Deployed: requirements.txt\n[273.5s] ‚úÖ SUCCESS: AIOS configuration created\n[273.5s] ‚úÖ SUCCESS: Startup script created\n[273.5s] ‚úÖ SUCCESS: Environment file created\n[274.2s] ‚ùå FAILED: Installation validation failed: Traceback (most recent call last):
  File "C:\dev\AIOS\core\AIOS_OS04\core\aios_knowledge_distillation.py", line 47, in <module>
    import transformers
ModuleNotFoundError: No module named 'transformers'

During handling of the above exception, another exception occurred:

Traceback (most recent call last):
  File "<string>", line 8, in <module>
  File "C:\dev\AIOS\core\AIOS_OS04\core\aios_knowledge_distillation.py", line 53, in <module>
    print("\u26a0\ufe0f AI libraries not available - running in basic mode")
  File "C:\Program Files\Python312\Lib\encodings\cp1252.py", line 19, in encode
    return codecs.charmap_encode(input,self.errors,encoding_table)[0]
           ^^^^^^^^^^^^^^^^^^^^^^^^^^^^^^^^^^^^^^^^^^^^^^^^^^^^^^^
UnicodeEncodeError: 'charmap' codec can't encode characters in position 0-1: character maps to <undefined>
\n

Quick Start:
------------
1. cd C:\dev\AIOS\core\AIOS_OS04
2. C:\dev\AIOS\core\AIOS_OS04\aios_env\Scripts\python.exe start_aios.py
3. Open browser to http://localhost:8080 for web dashboard

Next Steps:
-----------
- Configure settings in config/aios_config.json
- Review logs in logs/ directory
- Access documentation in docs/ directory
- Run system validation: C:\dev\AIOS\core\AIOS_OS04\aios_env\Scripts\python.exe core/complete_integration_test.py

AIOS OS0.4 is ready for hyperdimensional consciousness evolution! üöÄüß†
